<?xml version="1.0" encoding="UTF-8"?>
<testsuite xmlns:xsi="http://www.w3.org/2001/XMLSchema-instance" xsi:noNamespaceSchemaLocation="https://maven.apache.org/surefire/maven-surefire-plugin/xsd/surefire-test-report.xsd" version="3.0.1" name="uas.AppTest" time="0.191" tests="5" errors="0" skipped="0" failures="0">
  <properties>
[...]
</properties>
  <testcase name="testPinjamBukuTersedia" classname="uas.AppTest" time="0.053"/>
  <testcase name="testPinjamBanyakBuku(String)[1]" classname="uas.AppTest" time="0.015"/>
  <testcase name="testPinjamBanyakBuku(String)[2]" classname="uas.AppTest" time="0.003"/>
  <testcase name="testPinjamBanyakBuku(String)[3]" classname="uas.AppTest" time="0.001"/>
  <testcase name="testPinjamBukuTidakAda" classname="uas.AppTest" time="0.006"/>
</testsuite>